Hyperparameter Tuning Progress Log
Start time: 2026-02-13 23:47:18.845932
Total combinations: 1200
================================================================================


[   1/1200] Progress:   0.1% | Elapsed:    0.0min | ETA:    0.0min | Rate: 864.3 combo/sec
  Combo #1: n_est=  50 | contam=0.0005 | max_samp= 64 | max_feat=0.8
   NEW BEST at combo #1! F1=0.0441 | P=1.0000 | R=0.0226 | n_est=50 | contam=0.0005 | max_samp=64 | max_feat=0.8
   NEW BEST at combo #6! F1=0.0731 | P=0.9737 | R=0.0379 | n_est=50 | contam=0.0005 | max_samp=256 | max_feat=1.0
   NEW BEST at combo #10! F1=0.0881 | P=0.9783 | R=0.0462 | n_est=50 | contam=0.0005 | max_samp=512 | max_feat=1.0
   NEW BEST at combo #18! F1=0.0919 | P=0.9792 | R=0.0482 | n_est=50 | contam=0.001 | max_samp=256 | max_feat=1.0
   NEW BEST at combo #22! F1=0.1445 | P=0.9870 | R=0.0779 | n_est=50 | contam=0.001 | max_samp=512 | max_feat=1.0

[  26/1200] Progress:   2.2% | Elapsed:    0.0min | ETA:    2.1min | Rate: 9.3 combo/sec
   NEW BEST at combo #32! F1=0.1515 | P=0.9877 | R=0.0821 | n_est=50 | contam=0.002 | max_samp=384 | max_feat=1.0
   NEW BEST at combo #33! F1=0.1740 | P=0.9894 | R=0.0954 | n_est=50 | contam=0.002 | max_samp=512 | max_feat=0.8
   NEW BEST at combo #34! F1=0.1926 | P=0.9905 | R=0.1067 | n_est=50 | contam=0.002 | max_samp=512 | max_feat=1.0
   NEW BEST at combo #36! F1=0.2509 | P=0.9929 | R=0.1436 | n_est=50 | contam=0.002 | max_samp=768 | max_feat=1.0
   NEW BEST at combo #42! F1=0.2890 | P=0.9880 | R=0.1692 | n_est=50 | contam=0.005 | max_samp=256 | max_feat=1.0
   NEW BEST at combo #44! F1=0.3984 | P=0.9918 | R=0.2492 | n_est=50 | contam=0.005 | max_samp=384 | max_feat=1.0
   NEW BEST at combo #46! F1=0.4239 | P=0.9887 | R=0.2697 | n_est=50 | contam=0.005 | max_samp=512 | max_feat=1.0
   NEW BEST at combo #48! F1=0.4626 | P=0.9932 | R=0.3015 | n_est=50 | contam=0.005 | max_samp=768 | max_feat=1.0
  Combo #50: n_est=  50 | contam=0.0100 | max_samp= 64 | max_feat=1.0

[  51/1200] Progress:   4.2% | Elapsed:    0.1min | ETA:    2.1min | Rate: 9.3 combo/sec
   NEW BEST at combo #56! F1=0.5296 | P=0.9860 | R=0.3621 | n_est=50 | contam=0.01 | max_samp=384 | max_feat=1.0
   NEW BEST at combo #58! F1=0.5473 | P=0.9814 | R=0.3795 | n_est=50 | contam=0.01 | max_samp=512 | max_feat=1.0
   NEW BEST at combo #60! F1=0.5725 | P=0.9874 | R=0.4031 | n_est=50 | contam=0.01 | max_samp=768 | max_feat=1.0
   NEW BEST at combo #66! F1=0.6066 | P=0.9518 | R=0.4451 | n_est=50 | contam=0.02 | max_samp=256 | max_feat=1.0
   NEW BEST at combo #68! F1=0.6440 | P=0.9575 | R=0.4851 | n_est=50 | contam=0.02 | max_samp=384 | max_feat=1.0
   NEW BEST at combo #70! F1=0.6947 | P=0.9688 | R=0.5415 | n_est=50 | contam=0.02 | max_samp=512 | max_feat=1.0

[  76/1200] Progress:   6.3% | Elapsed:    0.1min | ETA:    2.0min | Rate: 9.3 combo/sec
   NEW BEST at combo #80! F1=0.7039 | P=0.9416 | R=0.5621 | n_est=50 | contam=0.03 | max_samp=384 | max_feat=1.0
   NEW BEST at combo #82! F1=0.7469 | P=0.9523 | R=0.6144 | n_est=50 | contam=0.03 | max_samp=512 | max_feat=1.0
   NEW BEST at combo #92! F1=0.7515 | P=0.9185 | R=0.6359 | n_est=50 | contam=0.05 | max_samp=384 | max_feat=1.0
   NEW BEST at combo #93! F1=0.7587 | P=0.9209 | R=0.6451 | n_est=50 | contam=0.05 | max_samp=512 | max_feat=0.8
   NEW BEST at combo #94! F1=0.7907 | P=0.9162 | R=0.6954 | n_est=50 | contam=0.05 | max_samp=512 | max_feat=1.0
  Combo #100: n_est=  50 | contam=0.0700 | max_samp=128 | max_feat=1.0

[ 101/1200] Progress:   8.4% | Elapsed:    0.2min | ETA:    2.0min | Rate: 9.2 combo/sec
   NEW BEST at combo #105! F1=0.7957 | P=0.8907 | R=0.7190 | n_est=50 | contam=0.07 | max_samp=512 | max_feat=0.8
   NEW BEST at combo #106! F1=0.8152 | P=0.8977 | R=0.7467 | n_est=50 | contam=0.07 | max_samp=512 | max_feat=1.0
   NEW BEST at combo #108! F1=0.8178 | P=0.8921 | R=0.7549 | n_est=50 | contam=0.07 | max_samp=768 | max_feat=1.0
   NEW BEST at combo #117! F1=0.8200 | P=0.8638 | R=0.7805 | n_est=50 | contam=0.1 | max_samp=512 | max_feat=0.8
   NEW BEST at combo #118! F1=0.8255 | P=0.8721 | R=0.7836 | n_est=50 | contam=0.1 | max_samp=512 | max_feat=1.0
   NEW BEST at combo #120! F1=0.8451 | P=0.8656 | R=0.8256 | n_est=50 | contam=0.1 | max_samp=768 | max_feat=1.0

[ 126/1200] Progress:  10.5% | Elapsed:    0.2min | ETA:    2.0min | Rate: 8.9 combo/sec
  Combo #150: n_est= 100 | contam=0.0020 | max_samp=256 | max_feat=1.0

[ 151/1200] Progress:  12.6% | Elapsed:    0.3min | ETA:    2.2min | Rate: 7.9 combo/sec

[ 176/1200] Progress:  14.7% | Elapsed:    0.4min | ETA:    2.3min | Rate: 7.5 combo/sec
  Combo #200: n_est= 100 | contam=0.0300 | max_samp=384 | max_feat=1.0

[ 201/1200] Progress:  16.8% | Elapsed:    0.5min | ETA:    2.3min | Rate: 7.2 combo/sec

[ 226/1200] Progress:  18.8% | Elapsed:    0.5min | ETA:    2.3min | Rate: 7.0 combo/sec
   NEW BEST at combo #240! F1=0.8475 | P=0.8695 | R=0.8267 | n_est=100 | contam=0.1 | max_samp=768 | max_feat=1.0
  Combo #250: n_est= 150 | contam=0.0005 | max_samp=512 | max_feat=1.0

[ 251/1200] Progress:  20.9% | Elapsed:    0.6min | ETA:    2.4min | Rate: 6.6 combo/sec

[ 276/1200] Progress:  23.0% | Elapsed:    0.7min | ETA:    2.5min | Rate: 6.3 combo/sec
  Combo #300: n_est= 150 | contam=0.0100 | max_samp=768 | max_feat=1.0

[ 301/1200] Progress:  25.1% | Elapsed:    0.8min | ETA:    2.5min | Rate: 6.0 combo/sec

[ 326/1200] Progress:  27.2% | Elapsed:    0.9min | ETA:    2.5min | Rate: 5.8 combo/sec
  Combo #350: n_est= 150 | contam=0.1000 | max_samp= 64 | max_feat=1.0

[ 351/1200] Progress:  29.2% | Elapsed:    1.0min | ETA:    2.5min | Rate: 5.6 combo/sec
   NEW BEST at combo #360! F1=0.8568 | P=0.8766 | R=0.8379 | n_est=150 | contam=0.1 | max_samp=768 | max_feat=1.0

[ 376/1200] Progress:  31.3% | Elapsed:    1.2min | ETA:    2.6min | Rate: 5.4 combo/sec
  Combo #400: n_est= 200 | contam=0.0050 | max_samp=128 | max_feat=1.0

[ 401/1200] Progress:  33.4% | Elapsed:    1.3min | ETA:    2.6min | Rate: 5.1 combo/sec

[ 426/1200] Progress:  35.5% | Elapsed:    1.4min | ETA:    2.6min | Rate: 4.9 combo/sec
  Combo #450: n_est= 200 | contam=0.0500 | max_samp=256 | max_feat=1.0

[ 451/1200] Progress:  37.6% | Elapsed:    1.6min | ETA:    2.6min | Rate: 4.8 combo/sec

[ 476/1200] Progress:  39.7% | Elapsed:    1.7min | ETA:    2.6min | Rate: 4.6 combo/sec
   NEW BEST at combo #480! F1=0.8588 | P=0.8796 | R=0.8390 | n_est=200 | contam=0.1 | max_samp=768 | max_feat=1.0
  Combo #500: n_est= 250 | contam=0.0010 | max_samp=384 | max_feat=1.0

[ 501/1200] Progress:  41.8% | Elapsed:    1.9min | ETA:    2.6min | Rate: 4.5 combo/sec

[ 526/1200] Progress:  43.8% | Elapsed:    2.0min | ETA:    2.6min | Rate: 4.3 combo/sec
  Combo #550: n_est= 250 | contam=0.0200 | max_samp=512 | max_feat=1.0

[ 551/1200] Progress:  45.9% | Elapsed:    2.2min | ETA:    2.6min | Rate: 4.2 combo/sec

[ 576/1200] Progress:  48.0% | Elapsed:    2.4min | ETA:    2.6min | Rate: 4.1 combo/sec
  Combo #600: n_est= 250 | contam=0.1000 | max_samp=768 | max_feat=1.0
   NEW BEST at combo #600! F1=0.8609 | P=0.8817 | R=0.8410 | n_est=250 | contam=0.1 | max_samp=768 | max_feat=1.0

[ 601/1200] Progress:  50.1% | Elapsed:    2.5min | ETA:    2.5min | Rate: 4.0 combo/sec

[ 626/1200] Progress:  52.2% | Elapsed:    2.7min | ETA:    2.5min | Rate: 3.8 combo/sec
  Combo #650: n_est= 300 | contam=0.0100 | max_samp= 64 | max_feat=1.0

[ 651/1200] Progress:  54.2% | Elapsed:    3.0min | ETA:    2.5min | Rate: 3.7 combo/sec

[ 676/1200] Progress:  56.3% | Elapsed:    3.2min | ETA:    2.5min | Rate: 3.6 combo/sec
  Combo #700: n_est= 300 | contam=0.0700 | max_samp=128 | max_feat=1.0

[ 701/1200] Progress:  58.4% | Elapsed:    3.4min | ETA:    2.4min | Rate: 3.5 combo/sec
   NEW BEST at combo #720! F1=0.8612 | P=0.8801 | R=0.8431 | n_est=300 | contam=0.1 | max_samp=768 | max_feat=1.0

[ 726/1200] Progress:  60.5% | Elapsed:    3.6min | ETA:    2.3min | Rate: 3.4 combo/sec
  Combo #750: n_est= 400 | contam=0.0020 | max_samp=256 | max_feat=1.0

[ 751/1200] Progress:  62.6% | Elapsed:    3.9min | ETA:    2.3min | Rate: 3.2 combo/sec

[ 776/1200] Progress:  64.7% | Elapsed:    4.1min | ETA:    2.3min | Rate: 3.1 combo/sec
  Combo #800: n_est= 400 | contam=0.0300 | max_samp=384 | max_feat=1.0

[ 801/1200] Progress:  66.8% | Elapsed:    4.4min | ETA:    2.2min | Rate: 3.0 combo/sec

[ 826/1200] Progress:  68.8% | Elapsed:    4.7min | ETA:    2.1min | Rate: 2.9 combo/sec
  Combo #850: n_est= 500 | contam=0.0005 | max_samp=512 | max_feat=1.0

[ 851/1200] Progress:  70.9% | Elapsed:    5.0min | ETA:    2.0min | Rate: 2.8 combo/sec

[ 876/1200] Progress:  73.0% | Elapsed:    5.3min | ETA:    2.0min | Rate: 2.8 combo/sec
  Combo #900: n_est= 500 | contam=0.0100 | max_samp=768 | max_feat=1.0

[ 901/1200] Progress:  75.1% | Elapsed:    5.6min | ETA:    1.9min | Rate: 2.7 combo/sec

[ 926/1200] Progress:  77.2% | Elapsed:    6.0min | ETA:    1.8min | Rate: 2.6 combo/sec
  Combo #950: n_est= 500 | contam=0.1000 | max_samp= 64 | max_feat=1.0

[ 951/1200] Progress:  79.2% | Elapsed:    6.3min | ETA:    1.7min | Rate: 2.5 combo/sec

[ 976/1200] Progress:  81.3% | Elapsed:    6.7min | ETA:    1.5min | Rate: 2.4 combo/sec
  Combo #1000: n_est= 750 | contam=0.0050 | max_samp=128 | max_feat=1.0

[1001/1200] Progress:  83.4% | Elapsed:    7.2min | ETA:    1.4min | Rate: 2.3 combo/sec

[1026/1200] Progress:  85.5% | Elapsed:    7.7min | ETA:    1.3min | Rate: 2.2 combo/sec
  Combo #1050: n_est= 750 | contam=0.0500 | max_samp=256 | max_feat=1.0

[1051/1200] Progress:  87.6% | Elapsed:    8.2min | ETA:    1.2min | Rate: 2.1 combo/sec

[1076/1200] Progress:  89.7% | Elapsed:    8.7min | ETA:    1.0min | Rate: 2.1 combo/sec
  Combo #1100: n_est=1000 | contam=0.0010 | max_samp=384 | max_feat=1.0

[1101/1200] Progress:  91.8% | Elapsed:    9.3min | ETA:    0.8min | Rate: 2.0 combo/sec

[1126/1200] Progress:  93.8% | Elapsed:   10.0min | ETA:    0.7min | Rate: 1.9 combo/sec
  Combo #1150: n_est=1000 | contam=0.0200 | max_samp=512 | max_feat=1.0

[1151/1200] Progress:  95.9% | Elapsed:   10.7min | ETA:    0.5min | Rate: 1.8 combo/sec

[1176/1200] Progress:  98.0% | Elapsed:   11.3min | ETA:    0.2min | Rate: 1.7 combo/sec

[1200/1200] Progress: 100.0% | Elapsed:   11.9min | ETA:    0.0min | Rate: 1.7 combo/sec
  Combo #1200: n_est=1000 | contam=0.1000 | max_samp=768 | max_feat=1.0

================================================================================
FINAL SUMMARY
================================================================================

Total waktu: 11.9 menit (0.20 jam)
Kombinasi berhasil: 1200/1200
Last best update at combination: #720
Improvement rate: 100.0% success rate

BEST PARAMETERS (Kombinasi #720):
  n_estimators:  300
  contamination: 0.1
  max_samples:   768
  max_features:  1.0
  Best F1-Score: 0.8612
End time: 2026-02-13 23:59:15.515153
